02/11/2026 08:02:32 PM - DEBUG : Debug log statement
02/11/2026 08:02:32 PM - INFO : Info log statement
02/11/2026 08:02:32 PM - WARNING : Warning log statement
02/11/2026 08:02:32 PM - ERROR : Error log statement
02/11/2026 08:02:32 PM - CRITICAL : Critical log statement
02/11/2026 08:05:20 PM - DEBUG : Debug log statement
02/11/2026 08:05:20 PM - INFO : Info log statement
02/11/2026 08:05:20 PM - WARNING : Warning log statement
02/11/2026 08:05:20 PM - ERROR : Error log statement
02/11/2026 08:05:20 PM - CRITICAL : Critical log statement
02/11/2026 08:05:31 PM - DEBUG : Debug log statement
02/11/2026 08:05:31 PM - INFO : Info log statement
02/11/2026 08:05:31 PM - WARNING : Warning log statement
02/11/2026 08:05:31 PM - ERROR : Error log statement
02/11/2026 08:05:31 PM - CRITICAL : Critical log statement
02/11/2026 08:05:49 PM - DEBUG : Debug log statement
02/11/2026 08:05:49 PM - INFO : Info log statement
02/11/2026 08:05:49 PM - WARNING : Warning log statement
02/11/2026 08:05:49 PM - ERROR : Error log statement
02/11/2026 08:05:49 PM - CRITICAL : Critical log statement
